<?xml version="1.0" encoding="utf-8"?>
<shfbBuild product="Sandcastle Help File Builder and Tools" version="2015.7.25.0" projectFile="C:\Users\developer03\Documents\GitHub\trackerdog\TrackerDog.Documentation\TrackerDog.Documentation.shfbproj" started="19/11/2015 12:55:09">
<buildStep step="Initializing">
Finding tools...
The Sandcastle tools are located in &#39;C:\Program Files (x86)\EWSoftware\Sandcastle Help File Builder\&#39;
Locating components in the following folder(s):
    C:\Users\developer03\Documents\GitHub\trackerdog\TrackerDog.Documentation
    C:\ProgramData\EWSoftware\Sandcastle Help File Builder\Components and Plug-Ins\
    C:\Program Files (x86)\EWSoftware\Sandcastle Help File Builder\
Framework reflection data location: C:\Program Files (x86)\EWSoftware\Sandcastle Help File Builder\Data\.NETFramework
Using presentation style &#39;VS2013&#39; located in &#39;C:\Program Files (x86)\EWSoftware\Sandcastle Help File Builder\PresentationStyles\VS2013&#39;
Loading and initializing plug-ins...
Additional Content Only plug-in is disabled and will not be loaded
Lightweight Website Style Version 2015.7.25.0
Copyright &#169; 2006-2015, Eric Woodruff, All Rights Reserved
Portions Copyright &#169; 2014, Sam Harwell, All Rights Reserved
-------------------------------
Clearing any prior web/markdown output...
</buildStep>
<buildStep step="ValidatingDocumentationSources">
Validating and copying documentation source information
Source: C:\Users\developer03\Documents\GitHub\trackerdog\TrackerDog\TrackerDog.csproj
    Found project &#39;C:\Users\developer03\Documents\GitHub\trackerdog\TrackerDog\TrackerDog.csproj&#39;

Parsing project files
    Found assembly &#39;C:\Users\developer03\Documents\GitHub\trackerdog\TrackerDog\bin\Debug\TrackerDog.dll&#39;

References to include (excluding framework assemblies):
    C:\Users\developer03\Documents\GitHub\trackerdog\TrackerDog\bin\Debug\TrackerDog.dll
    Castle.Core, Version=3.3.0.0, Culture=neutral, PublicKeyToken=407dd0808d44fbdc, processorArchitecture=MSIL
    FastMember, Version=1.0.0.9, Culture=neutral, processorArchitecture=MSIL
    System.Collections.Immutable, Version=1.1.37.0, Culture=neutral, PublicKeyToken=b03f5f7f11d50a3a, processorArchitecture=MSIL

Copying XML comments files
    C:\Users\developer03\Documents\GitHub\trackerdog\TrackerDog\bin\Debug\TrackerDog.XML -&gt; C:\Users\developer03\Documents\GitHub\trackerdog\docs\Working\TrackerDog.XML
</buildStep>
<buildStep step="GenerateSharedContent">
Generating shared content files (en-US, English (United States))...
<plugIn name="Lightweight Website Style" behavior="After" priority="1000">
</plugIn>    Last step completed in 00:00:00,0160
</buildStep>
<buildStep step="GenerateApiFilter">
Generating API filter for MRefBuilder...
    Last step completed in 00:00:00,0010
</buildStep>
<buildStep step="GenerateReflectionInfo">
Generating reflection information...
[C:\Program Files (x86)\MSBuild\14.0\bin\MSBuild.exe - GenerateRefInfo.proj]
Compilaci&#162;n iniciada a las 19/11/2015 12:55:10.
Proyecto &quot;C:\Users\developer03\Documents\GitHub\trackerdog\docs\Working\GenerateRefInfo.proj&quot; en nodo 1 (destinos predeterminados).
PrepareForBuild:
  Creando directorio &quot;obj\Debug\&quot;.
GenerateRefInfo:
  MRefBuilder (v2015.7.25.0)
  Copyright &#184; 2006-2015, Microsoft Corporation, All Rights Reserved.
  Portions Copyright &#184; 2006-2015, Eric Woodruff, All Rights Reserved.
  Loaded 1 assemblies for reflection and 55 dependency assemblies.
  Wrote information on 4 namespaces, 17 types, and 88 members
  Copiando el archivo de &quot;reflection.org&quot; en &quot;reflection.all&quot;.
  XslTransform (v2015.7.25.0)
  Copyright &#184; 2006-2015, Microsoft Corporation, All Rights Reserved.
  Portions Copyright &#184; 2006-2015, Eric Woodruff, All Rights Reserved.
  Applying XSL transformation &#39;C:\Program Files (x86)\EWSoftware\Sandcastle Help File Builder\ProductionTransforms\MergeDuplicates.xsl&#39;.
Compilaci&#162;n del proyecto terminada &quot;C:\Users\developer03\Documents\GitHub\trackerdog\docs\Working\GenerateRefInfo.proj&quot; (destinos predeterminados).

Compilaci&#162;n correcta.

Tiempo transcurrido 00:00:00.73
    Last step completed in 00:00:00,9930
</buildStep>
<buildStep step="TransformReflectionInfo">
Transforming reflection output...
[C:\Program Files (x86)\MSBuild\14.0\bin\MSBuild.exe - TransformManifest.proj]
Compilaci&#162;n iniciada a las 19/11/2015 12:55:11.
Proyecto &quot;C:\Users\developer03\Documents\GitHub\trackerdog\docs\Working\TransformManifest.proj&quot; en nodo 1 (destinos predeterminados).
TransformManifest:
  XslTransform (v2015.7.25.0)
  Copyright &#184; 2006-2015, Microsoft Corporation, All Rights Reserved.
  Portions Copyright &#184; 2006-2015, Eric Woodruff, All Rights Reserved.
  Applying XSL transformation &#39;C:\Program Files (x86)\EWSoftware\Sandcastle Help File Builder\\ProductionTransforms\ApplyVSDocModel.xsl&#39;.
  Copiando el archivo de &quot;reflection.xml&quot; en &quot;reflection.ungrouped&quot;.
  AddNamespaceGroups (v2015.7.25.0)
  Copyright &#184; 2006-2015, Eric Woodruff, All Rights Reserved
  Added 1 namespace group entries
  Copiando el archivo de &quot;reflection.xml&quot; en &quot;reflection.nofilenames&quot;.
  XslTransform (v2015.7.25.0)
  Copyright &#184; 2006-2015, Microsoft Corporation, All Rights Reserved.
  Portions Copyright &#184; 2006-2015, Eric Woodruff, All Rights Reserved.
  Applying XSL transformation &#39;C:\Program Files (x86)\EWSoftware\Sandcastle Help File Builder\ProductionTransforms\AddFilenames.xsl&#39;.
    Unique name M_TrackerDog_ObjectChangeTrackingExtensions_GetActualTypeIfTrackable_1 generated for M:TrackerDog.ObjectChangeTrackingExtensions.GetActualTypeIfTrackable(System.Type)
    Unique name M_TrackerDog_ObjectChangeTrackingExtensions_GetPropertyTracking_1 generated for M:TrackerDog.ObjectChangeTrackingExtensions.GetPropertyTracking(System.Object,System.String)
    Unique name M_TrackerDog_ObjectChangeTrackingExtensions_IsTrackable_1 generated for M:TrackerDog.ObjectChangeTrackingExtensions.IsTrackable(System.Type)
  XslTransform (v2015.7.25.0)
  Copyright &#184; 2006-2015, Microsoft Corporation, All Rights Reserved.
  Portions Copyright &#184; 2006-2015, Eric Woodruff, All Rights Reserved.
  Applying XSL transformation &#39;C:\Program Files (x86)\EWSoftware\Sandcastle Help File Builder\ProductionTransforms\ReflectionToManifest.xsl&#39;.
Compilaci&#162;n del proyecto terminada &quot;C:\Users\developer03\Documents\GitHub\trackerdog\docs\Working\TransformManifest.proj&quot; (destinos predeterminados).

Compilaci&#162;n correcta.

Tiempo transcurrido 00:00:00.61
    Last step completed in 00:00:00,8190
</buildStep>
<buildStep step="GenerateNamespaceSummaries">
Generating namespace summary information...
    Last step completed in 00:00:00,0220
</buildStep>
<buildStep step="CopyConceptualContent">
Copying conceptual content...
Copying standard token shared content file...
Checking for other token files...
    C:\Users\developer03\Documents\GitHub\trackerdog\TrackerDog.Documentation\Common.tokens -&gt; C:\Users\developer03\Documents\GitHub\trackerdog\docs\Working\Common.tokens
Checking for code snippets files...
Copying images and creating the media map file...
    C:\Users\developer03\Documents\GitHub\trackerdog\TrackerDog.Documentation\media\dogtracker.png -&gt; C:\Users\developer03\Documents\GitHub\trackerdog\docs\Working\media\dogtracker.png
Generating conceptual topic files
    Parsing topic file &#39;C:\Users\developer03\Documents\GitHub\trackerdog\TrackerDog.Documentation\Content\Welcome.aml&#39;
    C:\Users\developer03\Documents\GitHub\trackerdog\TrackerDog.Documentation\Content\Welcome.aml -&gt; C:\Users\developer03\Documents\GitHub\trackerdog\docs\Working\ddueXml\0e46d6ac-6f64-4d54-98fd-3813df42cb8e.xml
    Parsing topic file &#39;C:\Users\developer03\Documents\GitHub\trackerdog\TrackerDog.Documentation\Content\Abstract.aml&#39;
    C:\Users\developer03\Documents\GitHub\trackerdog\TrackerDog.Documentation\Content\Abstract.aml -&gt; C:\Users\developer03\Documents\GitHub\trackerdog\docs\Working\ddueXml\95cc6530-e365-4045-951e-4ab992610c1f.xml
    Parsing topic file &#39;C:\Users\developer03\Documents\GitHub\trackerdog\TrackerDog.Documentation\Content\Tutorial.aml&#39;
    C:\Users\developer03\Documents\GitHub\trackerdog\TrackerDog.Documentation\Content\Tutorial.aml -&gt; C:\Users\developer03\Documents\GitHub\trackerdog\docs\Working\ddueXml\52e40f26-3dfe-47e0-adf1-09233e98f42e.xml
    Parsing topic file &#39;C:\Users\developer03\Documents\GitHub\trackerdog\TrackerDog.Documentation\Content\WhatIsTracked.aml&#39;
    C:\Users\developer03\Documents\GitHub\trackerdog\TrackerDog.Documentation\Content\WhatIsTracked.aml -&gt; C:\Users\developer03\Documents\GitHub\trackerdog\docs\Working\ddueXml\1941dd31-d46f-472f-9589-7ef6e721bb5b.xml
    Parsing topic file &#39;C:\Users\developer03\Documents\GitHub\trackerdog\TrackerDog.Documentation\Content\Collections.aml&#39;
    C:\Users\developer03\Documents\GitHub\trackerdog\TrackerDog.Documentation\Content\Collections.aml -&gt; C:\Users\developer03\Documents\GitHub\trackerdog\docs\Working\ddueXml\1e03762d-b9f5-44af-a4b0-c23c36064c24.xml
    Last step completed in 00:00:00,1160
</buildStep>
<buildStep step="CreateConceptualTopicConfigs">
Creating conceptual topic configuration files...
    Companion files
    _ContentMetadata_.xml
    ConceptualManifest.xml
    Last step completed in 00:00:00,0450
</buildStep>
<buildStep step="CopyAdditionalContent">
Copying additional content files...
C:\Users\developer03\Documents\GitHub\trackerdog\TrackerDog.Documentation\icons\dogtracker.png -&gt; C:\Users\developer03\Documents\GitHub\trackerdog\docs\Working\Output\Website\icons\dogtracker.png
    Last step completed in 00:00:00,0070
</buildStep>
<buildStep step="MergeTablesOfContents">
Merging conceptual and additional tables of contents...
    Last step completed in 00:00:00,0010
</buildStep>
<buildStep step="GenerateIntermediateTableOfContents">
Generating intermediate table of contents file...
[C:\Program Files (x86)\MSBuild\14.0\bin\MSBuild.exe - GenerateIntermediateTOC.proj]
Compilaci&#162;n iniciada a las 19/11/2015 12:55:12.
Proyecto &quot;C:\Users\developer03\Documents\GitHub\trackerdog\docs\Working\GenerateIntermediateTOC.proj&quot; en nodo 1 (destinos predeterminados).
GenerateIntermediateTOC:
  XslTransform (v2015.7.25.0)
  Copyright &#184; 2006-2015, Microsoft Corporation, All Rights Reserved.
  Portions Copyright &#184; 2006-2015, Eric Woodruff, All Rights Reserved.
  Applying XSL transformation &#39;C:\Program Files (x86)\EWSoftware\Sandcastle Help File Builder\\ProductionTransforms\CreateVSToc.xsl&#39;.
Compilaci&#162;n del proyecto terminada &quot;C:\Users\developer03\Documents\GitHub\trackerdog\docs\Working\GenerateIntermediateTOC.proj&quot; (destinos predeterminados).

Compilaci&#162;n correcta.

Tiempo transcurrido 00:00:00.12
Generating conceptual content intermediate TOC file...
    Last step completed in 00:00:00,3440
</buildStep>
<buildStep step="CreateBuildAssemblerConfigs">
Creating Sandcastle configuration files...
    sandcastle.config
    conceptual.config
    Last step completed in 00:00:00,5330
</buildStep>
<buildStep step="MergeCustomConfigs">
Merging custom build component configurations
C:\Users\developer03\Documents\GitHub\trackerdog\docs\Working\sandcastle.config
    The configuration for &#39;Code Block Component&#39; is disabled and will not be used.
    Replaced configuration for &#39;Syntax Component&#39; (instance 1) with configuration for &#39;Syntax Component&#39;
C:\Users\developer03\Documents\GitHub\trackerdog\docs\Working\conceptual.config
    The configuration for &#39;Code Block Component&#39; is disabled and will not be used.
    Replacing default configuration for &#39;Syntax Component&#39; with the custom configuration
    Removing unused ExampleComponent.
    Last step completed in 00:00:00,0250
</buildStep>
<buildStep step="BuildConceptualTopics">
Building conceptual help topics...
[C:\Program Files (x86)\MSBuild\14.0\bin\MSBuild.exe - BuildConceptualTopics.proj]
Compilaci&#162;n iniciada a las 19/11/2015 12:55:13.
Proyecto &quot;C:\Users\developer03\Documents\GitHub\trackerdog\docs\Working\BuildConceptualTopics.proj&quot; en nodo 1 (destinos predeterminados).
BuildConceptualTopics:
  BuildAssembler (v2015.7.25.0)
  Copyright &#184; 2006-2015, Microsoft Corporation, All Rights Reserved.
  Portions Copyright &#184; 2006-2015, Eric Woodruff, All Rights Reserved.
  Loading configuration...
  Processing topics...
BuildAssembler : warning : SharedContentComponent: [1941dd31-d46f-472f-9589-7ef6e721bb5b] Missing shared content item. Tag: &#39;token&#39;; Id:&#39;projectNaame&#39;. [C:\Users\developer03\Documents\GitHub\trackerdog\docs\Working\BuildConceptualTopics.proj]
BuildAssembler : warning : ResolveReferenceLinksComponent: [1e03762d-b9f5-44af-a4b0-c23c36064c24] Unknown reference link target &#39;P:TrackerDog.CollectionHandling.AddedItems&#39;. [C:\Users\developer03\Documents\GitHub\trackerdog\docs\Working\BuildConceptualTopics.proj]
BuildAssembler : warning : ResolveReferenceLinksComponent: [1e03762d-b9f5-44af-a4b0-c23c36064c24] Unknown reference link target &#39;P:TrackerDog.CollectionHandling.RemovedItems&#39;. [C:\Users\developer03\Documents\GitHub\trackerdog\docs\Working\BuildConceptualTopics.proj]
BuildAssembler : warning : ResolveReferenceLinksComponent: [1e03762d-b9f5-44af-a4b0-c23c36064c24] Unknown reference link target &#39;P:TrackerDog.CollectionHandling.Change&#39;. [C:\Users\developer03\Documents\GitHub\trackerdog\docs\Working\BuildConceptualTopics.proj]
BuildAssembler : warning : ResolveReferenceLinksComponent: [1e03762d-b9f5-44af-a4b0-c23c36064c24] Unknown reference link target &#39;P:TrackerDog.Configuration.TrackerDogConfiguration.CollectionConfiguration&#39;. [C:\Users\developer03\Documents\GitHub\trackerdog\docs\Working\BuildConceptualTopics.proj]
BuildAssembler : warning : ResolveReferenceLinksComponent: [1e03762d-b9f5-44af-a4b0-c23c36064c24] Unknown reference link target &#39;P:TrackerDogConfiguration.Collections&#39;. [C:\Users\developer03\Documents\GitHub\trackerdog\docs\Working\BuildConceptualTopics.proj]
  Processed 5 topic(s)
  6 warning(s)
  CopyFromIndexComponent: &quot;metadata&quot; in-memory cache entries used: 1 of 15.
Compilaci&#162;n del proyecto terminada &quot;C:\Users\developer03\Documents\GitHub\trackerdog\docs\Working\BuildConceptualTopics.proj&quot; (destinos predeterminados).

Compilaci&#162;n correcta.

Tiempo transcurrido 00:00:05.90
    Last step completed in 00:00:06,1400
</buildStep>
<buildStep step="BuildReferenceTopics">
Building reference help topics...
[C:\Program Files (x86)\MSBuild\14.0\bin\MSBuild.exe - BuildReferenceTopics.proj]
Compilaci&#162;n iniciada a las 19/11/2015 12:55:19.
Proyecto &quot;C:\Users\developer03\Documents\GitHub\trackerdog\docs\Working\BuildReferenceTopics.proj&quot; en nodo 1 (destinos predeterminados).
BuildReferenceTopics:
  BuildAssembler (v2015.7.25.0)
  Copyright &#184; 2006-2015, Microsoft Corporation, All Rights Reserved.
  Portions Copyright &#184; 2006-2015, Eric Woodruff, All Rights Reserved.
  Loading configuration...
  Processing topics...
BuildAssembler : warning : ResolveReferenceLinksComponent: [N:TrackerDog] Unknown reference link target &#39;T:TrackerDog.TrackableObjectFactory&#39;. [C:\Users\developer03\Documents\GitHub\trackerdog\docs\Working\BuildReferenceTopics.proj]
BuildAssembler : warning : ResolveReferenceLinksComponent: [T:TrackerDog.Trackable] Unknown reference link target &#39;T:TrackerDog.TrackableObjectFactory&#39;. [C:\Users\developer03\Documents\GitHub\trackerdog\docs\Working\BuildReferenceTopics.proj]
  Processed 139 topic(s)
  2 warning(s)
  CopyFromIndexComponent: &quot;reflection&quot; in-memory cache entries used: 6 of 15.
  CopyFromIndexComponent: &quot;comments&quot; in-memory cache entries used: 3 of 30.
Compilaci&#162;n del proyecto terminada &quot;C:\Users\developer03\Documents\GitHub\trackerdog\docs\Working\BuildReferenceTopics.proj&quot; (destinos predeterminados).

Compilaci&#162;n correcta.

Tiempo transcurrido 00:00:16.21
    Last step completed in 00:00:16,6359
</buildStep>
<buildStep step="CombiningIntermediateTocFiles">
Combining conceptual and API intermediate TOC files...
    Last step completed in 00:00:00,0090
</buildStep>
<buildStep step="ExtractingHtmlInfo">
Extracting HTML info for HTML Help 1 and/or website...
[C:\Program Files (x86)\MSBuild\14.0\bin\MSBuild.exe - ExtractHtmlInfo.proj]
Sandcastle Help File Builder and Tools, version 2015.7.25.0
Copyright &#184; 2006-2015, Eric Woodruff, All Rights Reserved
E-Mail: Eric@EWoodruff.us

Using LCID &#39;1033&#39;, code page &#39;65001&#39;, encoding charset &#39;UTF-8&#39;.

Processing website files in C:\Users\developer03\Documents\GitHub\trackerdog\docs\Working\Output\Website
Processed 144 HTML files
Sorting keywords and generating See Also indices
Saving website keyword index to C:\Users\developer03\Documents\GitHub\trackerdog\docs\Working\WebKI.xml
Saving website table of contents to C:\Users\developer03\Documents\GitHub\trackerdog\docs\Working\WebTOC.xml
    Last step completed in 00:00:01,6950
</buildStep>
<buildStep step="CopyStandardHelpContent">
Copying standard help content...
C:\Program Files (x86)\EWSoftware\Sandcastle Help File Builder\PresentationStyles\VS2013\icons\AlertCaution.png -&gt; C:\Users\developer03\Documents\GitHub\trackerdog\docs\Working\Output\Website\icons\AlertCaution.png
C:\Program Files (x86)\EWSoftware\Sandcastle Help File Builder\PresentationStyles\VS2013\icons\AlertNote.png -&gt; C:\Users\developer03\Documents\GitHub\trackerdog\docs\Working\Output\Website\icons\AlertNote.png
C:\Program Files (x86)\EWSoftware\Sandcastle Help File Builder\PresentationStyles\VS2013\icons\AlertSecurity.png -&gt; C:\Users\developer03\Documents\GitHub\trackerdog\docs\Working\Output\Website\icons\AlertSecurity.png
C:\Program Files (x86)\EWSoftware\Sandcastle Help File Builder\PresentationStyles\VS2013\icons\CFW.gif -&gt; C:\Users\developer03\Documents\GitHub\trackerdog\docs\Working\Output\Website\icons\CFW.gif
C:\Program Files (x86)\EWSoftware\Sandcastle Help File Builder\PresentationStyles\VS2013\icons\CodeExample.png -&gt; C:\Users\developer03\Documents\GitHub\trackerdog\docs\Working\Output\Website\icons\CodeExample.png
C:\Program Files (x86)\EWSoftware\Sandcastle Help File Builder\PresentationStyles\VS2013\icons\favicon.ico -&gt; C:\Users\developer03\Documents\GitHub\trackerdog\docs\Working\Output\Website\icons\favicon.ico
C:\Program Files (x86)\EWSoftware\Sandcastle Help File Builder\PresentationStyles\VS2013\icons\privclass.gif -&gt; C:\Users\developer03\Documents\GitHub\trackerdog\docs\Working\Output\Website\icons\privclass.gif
C:\Program Files (x86)\EWSoftware\Sandcastle Help File Builder\PresentationStyles\VS2013\icons\privdelegate.gif -&gt; C:\Users\developer03\Documents\GitHub\trackerdog\docs\Working\Output\Website\icons\privdelegate.gif
C:\Program Files (x86)\EWSoftware\Sandcastle Help File Builder\PresentationStyles\VS2013\icons\privenumeration.gif -&gt; C:\Users\developer03\Documents\GitHub\trackerdog\docs\Working\Output\Website\icons\privenumeration.gif
C:\Program Files (x86)\EWSoftware\Sandcastle Help File Builder\PresentationStyles\VS2013\icons\privevent.gif -&gt; C:\Users\developer03\Documents\GitHub\trackerdog\docs\Working\Output\Website\icons\privevent.gif
C:\Program Files (x86)\EWSoftware\Sandcastle Help File Builder\PresentationStyles\VS2013\icons\privextension.gif -&gt; C:\Users\developer03\Documents\GitHub\trackerdog\docs\Working\Output\Website\icons\privextension.gif
C:\Program Files (x86)\EWSoftware\Sandcastle Help File Builder\PresentationStyles\VS2013\icons\privfield.gif -&gt; C:\Users\developer03\Documents\GitHub\trackerdog\docs\Working\Output\Website\icons\privfield.gif
C:\Program Files (x86)\EWSoftware\Sandcastle Help File Builder\PresentationStyles\VS2013\icons\privinterface.gif -&gt; C:\Users\developer03\Documents\GitHub\trackerdog\docs\Working\Output\Website\icons\privinterface.gif
C:\Program Files (x86)\EWSoftware\Sandcastle Help File Builder\PresentationStyles\VS2013\icons\privmethod.gif -&gt; C:\Users\developer03\Documents\GitHub\trackerdog\docs\Working\Output\Website\icons\privmethod.gif
C:\Program Files (x86)\EWSoftware\Sandcastle Help File Builder\PresentationStyles\VS2013\icons\privproperty.gif -&gt; C:\Users\developer03\Documents\GitHub\trackerdog\docs\Working\Output\Website\icons\privproperty.gif
C:\Program Files (x86)\EWSoftware\Sandcastle Help File Builder\PresentationStyles\VS2013\icons\privstructure.gif -&gt; C:\Users\developer03\Documents\GitHub\trackerdog\docs\Working\Output\Website\icons\privstructure.gif
C:\Program Files (x86)\EWSoftware\Sandcastle Help File Builder\PresentationStyles\VS2013\icons\protclass.gif -&gt; C:\Users\developer03\Documents\GitHub\trackerdog\docs\Working\Output\Website\icons\protclass.gif
C:\Program Files (x86)\EWSoftware\Sandcastle Help File Builder\PresentationStyles\VS2013\icons\protdelegate.gif -&gt; C:\Users\developer03\Documents\GitHub\trackerdog\docs\Working\Output\Website\icons\protdelegate.gif
C:\Program Files (x86)\EWSoftware\Sandcastle Help File Builder\PresentationStyles\VS2013\icons\protenumeration.gif -&gt; C:\Users\developer03\Documents\GitHub\trackerdog\docs\Working\Output\Website\icons\protenumeration.gif
C:\Program Files (x86)\EWSoftware\Sandcastle Help File Builder\PresentationStyles\VS2013\icons\protevent.gif -&gt; C:\Users\developer03\Documents\GitHub\trackerdog\docs\Working\Output\Website\icons\protevent.gif
C:\Program Files (x86)\EWSoftware\Sandcastle Help File Builder\PresentationStyles\VS2013\icons\protextension.gif -&gt; C:\Users\developer03\Documents\GitHub\trackerdog\docs\Working\Output\Website\icons\protextension.gif
C:\Program Files (x86)\EWSoftware\Sandcastle Help File Builder\PresentationStyles\VS2013\icons\protfield.gif -&gt; C:\Users\developer03\Documents\GitHub\trackerdog\docs\Working\Output\Website\icons\protfield.gif
C:\Program Files (x86)\EWSoftware\Sandcastle Help File Builder\PresentationStyles\VS2013\icons\protinterface.gif -&gt; C:\Users\developer03\Documents\GitHub\trackerdog\docs\Working\Output\Website\icons\protinterface.gif
C:\Program Files (x86)\EWSoftware\Sandcastle Help File Builder\PresentationStyles\VS2013\icons\protmethod.gif -&gt; C:\Users\developer03\Documents\GitHub\trackerdog\docs\Working\Output\Website\icons\protmethod.gif
C:\Program Files (x86)\EWSoftware\Sandcastle Help File Builder\PresentationStyles\VS2013\icons\protoperator.gif -&gt; C:\Users\developer03\Documents\GitHub\trackerdog\docs\Working\Output\Website\icons\protoperator.gif
C:\Program Files (x86)\EWSoftware\Sandcastle Help File Builder\PresentationStyles\VS2013\icons\protproperty.gif -&gt; C:\Users\developer03\Documents\GitHub\trackerdog\docs\Working\Output\Website\icons\protproperty.gif
C:\Program Files (x86)\EWSoftware\Sandcastle Help File Builder\PresentationStyles\VS2013\icons\protstructure.gif -&gt; C:\Users\developer03\Documents\GitHub\trackerdog\docs\Working\Output\Website\icons\protstructure.gif
C:\Program Files (x86)\EWSoftware\Sandcastle Help File Builder\PresentationStyles\VS2013\icons\pubclass.gif -&gt; C:\Users\developer03\Documents\GitHub\trackerdog\docs\Working\Output\Website\icons\pubclass.gif
C:\Program Files (x86)\EWSoftware\Sandcastle Help File Builder\PresentationStyles\VS2013\icons\pubdelegate.gif -&gt; C:\Users\developer03\Documents\GitHub\trackerdog\docs\Working\Output\Website\icons\pubdelegate.gif
C:\Program Files (x86)\EWSoftware\Sandcastle Help File Builder\PresentationStyles\VS2013\icons\pubenumeration.gif -&gt; C:\Users\developer03\Documents\GitHub\trackerdog\docs\Working\Output\Website\icons\pubenumeration.gif
C:\Program Files (x86)\EWSoftware\Sandcastle Help File Builder\PresentationStyles\VS2013\icons\pubevent.gif -&gt; C:\Users\developer03\Documents\GitHub\trackerdog\docs\Working\Output\Website\icons\pubevent.gif
C:\Program Files (x86)\EWSoftware\Sandcastle Help File Builder\PresentationStyles\VS2013\icons\pubextension.gif -&gt; C:\Users\developer03\Documents\GitHub\trackerdog\docs\Working\Output\Website\icons\pubextension.gif
C:\Program Files (x86)\EWSoftware\Sandcastle Help File Builder\PresentationStyles\VS2013\icons\pubfield.gif -&gt; C:\Users\developer03\Documents\GitHub\trackerdog\docs\Working\Output\Website\icons\pubfield.gif
C:\Program Files (x86)\EWSoftware\Sandcastle Help File Builder\PresentationStyles\VS2013\icons\pubinterface.gif -&gt; C:\Users\developer03\Documents\GitHub\trackerdog\docs\Working\Output\Website\icons\pubinterface.gif
C:\Program Files (x86)\EWSoftware\Sandcastle Help File Builder\PresentationStyles\VS2013\icons\pubmethod.gif -&gt; C:\Users\developer03\Documents\GitHub\trackerdog\docs\Working\Output\Website\icons\pubmethod.gif
C:\Program Files (x86)\EWSoftware\Sandcastle Help File Builder\PresentationStyles\VS2013\icons\puboperator.gif -&gt; C:\Users\developer03\Documents\GitHub\trackerdog\docs\Working\Output\Website\icons\puboperator.gif
C:\Program Files (x86)\EWSoftware\Sandcastle Help File Builder\PresentationStyles\VS2013\icons\pubproperty.gif -&gt; C:\Users\developer03\Documents\GitHub\trackerdog\docs\Working\Output\Website\icons\pubproperty.gif
C:\Program Files (x86)\EWSoftware\Sandcastle Help File Builder\PresentationStyles\VS2013\icons\pubstructure.gif -&gt; C:\Users\developer03\Documents\GitHub\trackerdog\docs\Working\Output\Website\icons\pubstructure.gif
C:\Program Files (x86)\EWSoftware\Sandcastle Help File Builder\PresentationStyles\VS2013\icons\SectionCollapsed.png -&gt; C:\Users\developer03\Documents\GitHub\trackerdog\docs\Working\Output\Website\icons\SectionCollapsed.png
C:\Program Files (x86)\EWSoftware\Sandcastle Help File Builder\PresentationStyles\VS2013\icons\SectionExpanded.png -&gt; C:\Users\developer03\Documents\GitHub\trackerdog\docs\Working\Output\Website\icons\SectionExpanded.png
C:\Program Files (x86)\EWSoftware\Sandcastle Help File Builder\PresentationStyles\VS2013\icons\slMobile.gif -&gt; C:\Users\developer03\Documents\GitHub\trackerdog\docs\Working\Output\Website\icons\slMobile.gif
C:\Program Files (x86)\EWSoftware\Sandcastle Help File Builder\PresentationStyles\VS2013\icons\static.gif -&gt; C:\Users\developer03\Documents\GitHub\trackerdog\docs\Working\Output\Website\icons\static.gif
C:\Program Files (x86)\EWSoftware\Sandcastle Help File Builder\PresentationStyles\VS2013\icons\xna.gif -&gt; C:\Users\developer03\Documents\GitHub\trackerdog\docs\Working\Output\Website\icons\xna.gif
C:\Program Files (x86)\EWSoftware\Sandcastle Help File Builder\PresentationStyles\VS2013\scripts\branding.js -&gt; C:\Users\developer03\Documents\GitHub\trackerdog\docs\Working\Output\Website\scripts\branding.js
C:\Program Files (x86)\EWSoftware\Sandcastle Help File Builder\PresentationStyles\VS2013\styles\branding-cs-CZ.css -&gt; C:\Users\developer03\Documents\GitHub\trackerdog\docs\Working\Output\Website\styles\branding-cs-CZ.css
C:\Program Files (x86)\EWSoftware\Sandcastle Help File Builder\PresentationStyles\VS2013\styles\branding-de-DE.css -&gt; C:\Users\developer03\Documents\GitHub\trackerdog\docs\Working\Output\Website\styles\branding-de-DE.css
C:\Program Files (x86)\EWSoftware\Sandcastle Help File Builder\PresentationStyles\VS2013\styles\branding-en-US.css -&gt; C:\Users\developer03\Documents\GitHub\trackerdog\docs\Working\Output\Website\styles\branding-en-US.css
C:\Program Files (x86)\EWSoftware\Sandcastle Help File Builder\PresentationStyles\VS2013\styles\branding-es-ES.css -&gt; C:\Users\developer03\Documents\GitHub\trackerdog\docs\Working\Output\Website\styles\branding-es-ES.css
C:\Program Files (x86)\EWSoftware\Sandcastle Help File Builder\PresentationStyles\VS2013\styles\branding-fr-FR.css -&gt; C:\Users\developer03\Documents\GitHub\trackerdog\docs\Working\Output\Website\styles\branding-fr-FR.css
C:\Program Files (x86)\EWSoftware\Sandcastle Help File Builder\PresentationStyles\VS2013\styles\branding-Help1.css -&gt; C:\Users\developer03\Documents\GitHub\trackerdog\docs\Working\Output\Website\styles\branding-Help1.css
C:\Program Files (x86)\EWSoftware\Sandcastle Help File Builder\PresentationStyles\VS2013\styles\branding-HelpViewer.css -&gt; C:\Users\developer03\Documents\GitHub\trackerdog\docs\Working\Output\Website\styles\branding-HelpViewer.css
C:\Program Files (x86)\EWSoftware\Sandcastle Help File Builder\PresentationStyles\VS2013\styles\branding-it-IT.css -&gt; C:\Users\developer03\Documents\GitHub\trackerdog\docs\Working\Output\Website\styles\branding-it-IT.css
C:\Program Files (x86)\EWSoftware\Sandcastle Help File Builder\PresentationStyles\VS2013\styles\branding-ja-JP.css -&gt; C:\Users\developer03\Documents\GitHub\trackerdog\docs\Working\Output\Website\styles\branding-ja-JP.css
C:\Program Files (x86)\EWSoftware\Sandcastle Help File Builder\PresentationStyles\VS2013\styles\branding-ko-KR.css -&gt; C:\Users\developer03\Documents\GitHub\trackerdog\docs\Working\Output\Website\styles\branding-ko-KR.css
C:\Program Files (x86)\EWSoftware\Sandcastle Help File Builder\PresentationStyles\VS2013\styles\branding-pl-PL.css -&gt; C:\Users\developer03\Documents\GitHub\trackerdog\docs\Working\Output\Website\styles\branding-pl-PL.css
C:\Program Files (x86)\EWSoftware\Sandcastle Help File Builder\PresentationStyles\VS2013\styles\branding-pt-BR.css -&gt; C:\Users\developer03\Documents\GitHub\trackerdog\docs\Working\Output\Website\styles\branding-pt-BR.css
C:\Program Files (x86)\EWSoftware\Sandcastle Help File Builder\PresentationStyles\VS2013\styles\branding-ru-RU.css -&gt; C:\Users\developer03\Documents\GitHub\trackerdog\docs\Working\Output\Website\styles\branding-ru-RU.css
C:\Program Files (x86)\EWSoftware\Sandcastle Help File Builder\PresentationStyles\VS2013\styles\branding-tr-TR.css -&gt; C:\Users\developer03\Documents\GitHub\trackerdog\docs\Working\Output\Website\styles\branding-tr-TR.css
C:\Program Files (x86)\EWSoftware\Sandcastle Help File Builder\PresentationStyles\VS2013\styles\branding-Website.css -&gt; C:\Users\developer03\Documents\GitHub\trackerdog\docs\Working\Output\Website\styles\branding-Website.css
C:\Program Files (x86)\EWSoftware\Sandcastle Help File Builder\PresentationStyles\VS2013\styles\branding-zh-CN.css -&gt; C:\Users\developer03\Documents\GitHub\trackerdog\docs\Working\Output\Website\styles\branding-zh-CN.css
C:\Program Files (x86)\EWSoftware\Sandcastle Help File Builder\PresentationStyles\VS2013\styles\branding-zh-TW.css -&gt; C:\Users\developer03\Documents\GitHub\trackerdog\docs\Working\Output\Website\styles\branding-zh-TW.css
C:\Program Files (x86)\EWSoftware\Sandcastle Help File Builder\PresentationStyles\VS2013\styles\branding.css -&gt; C:\Users\developer03\Documents\GitHub\trackerdog\docs\Working\Output\Website\styles\branding.css
C:\Program Files (x86)\EWSoftware\Sandcastle Help File Builder\PresentationStyles\VS2013\Web\index.html -&gt; C:\Users\developer03\Documents\GitHub\trackerdog\docs\Working\Output\Website\index.html
C:\Program Files (x86)\EWSoftware\Sandcastle Help File Builder\PresentationStyles\VS2013\Web\search.html -&gt; C:\Users\developer03\Documents\GitHub\trackerdog\docs\Working\Output\Website\search.html
C:\Program Files (x86)\EWSoftware\Sandcastle Help File Builder\PresentationStyles\VS2013\Web\SearchHelp.aspx -&gt; C:\Users\developer03\Documents\GitHub\trackerdog\docs\Working\Output\Website\SearchHelp.aspx
C:\Program Files (x86)\EWSoftware\Sandcastle Help File Builder\PresentationStyles\VS2013\Web\SearchHelp.inc.php -&gt; C:\Users\developer03\Documents\GitHub\trackerdog\docs\Working\Output\Website\SearchHelp.inc.php
C:\Program Files (x86)\EWSoftware\Sandcastle Help File Builder\PresentationStyles\VS2013\Web\SearchHelp.php -&gt; C:\Users\developer03\Documents\GitHub\trackerdog\docs\Working\Output\Website\SearchHelp.php
C:\Program Files (x86)\EWSoftware\Sandcastle Help File Builder\PresentationStyles\VS2013\Web\Web.Config -&gt; C:\Users\developer03\Documents\GitHub\trackerdog\docs\Working\Output\Website\Web.Config
C:\Program Files (x86)\EWSoftware\Sandcastle Help File Builder\PresentationStyles\VS2013\Web\icons\Search.png -&gt; C:\Users\developer03\Documents\GitHub\trackerdog\docs\Working\Output\Website\icons\Search.png
C:\Program Files (x86)\EWSoftware\Sandcastle Help File Builder\PresentationStyles\VS2013\Web\icons\TocClose.gif -&gt; C:\Users\developer03\Documents\GitHub\trackerdog\docs\Working\Output\Website\icons\TocClose.gif
C:\Program Files (x86)\EWSoftware\Sandcastle Help File Builder\PresentationStyles\VS2013\Web\icons\TocCollapsed.gif -&gt; C:\Users\developer03\Documents\GitHub\trackerdog\docs\Working\Output\Website\icons\TocCollapsed.gif
C:\Program Files (x86)\EWSoftware\Sandcastle Help File Builder\PresentationStyles\VS2013\Web\icons\TocExpanded.gif -&gt; C:\Users\developer03\Documents\GitHub\trackerdog\docs\Working\Output\Website\icons\TocExpanded.gif
C:\Program Files (x86)\EWSoftware\Sandcastle Help File Builder\PresentationStyles\VS2013\Web\icons\TocOpen.gif -&gt; C:\Users\developer03\Documents\GitHub\trackerdog\docs\Working\Output\Website\icons\TocOpen.gif
C:\Program Files (x86)\EWSoftware\Sandcastle Help File Builder\PresentationStyles\VS2013\Web\scripts\branding-Website.js -&gt; C:\Users\developer03\Documents\GitHub\trackerdog\docs\Working\Output\Website\scripts\branding-Website.js
C:\Program Files (x86)\EWSoftware\Sandcastle Help File Builder\PresentationStyles\VS2013\Web\scripts\jquery-1.11.0.min.js -&gt; C:\Users\developer03\Documents\GitHub\trackerdog\docs\Working\Output\Website\scripts\jquery-1.11.0.min.js
    Last step completed in 00:00:00,7760
</buildStep>
<buildStep step="GenerateHelpFormatTableOfContents">
Generating website table of contents file...
    Last step completed in 00:00:00,0010
</buildStep>
<buildStep step="GenerateFullTextIndex">
Generating full-text index for the website...

<plugIn name="Lightweight Website Style" behavior="After" priority="1000">
Adding lightweight search and TOC elements to each topic...
</plugIn>    Last step completed in 00:00:04,8200
</buildStep>
<buildStep step="CopyingWebsiteFiles">
Copying website files to output folder...

Copied 297 files for the website content
    Last step completed in 00:00:04,2689
</buildStep>
<buildStep step="CleanIntermediates">
Removing intermediate files...
    Last step completed in 00:00:00,2070
</buildStep>
<buildStep step="Completed">

Build completed successfully at 19/11/2015 12:55:47.  Total time: 00:00:38,7577

</buildStep>
</shfbBuild>
